

Started GET "/" for 127.0.0.1 at 2014-11-10 23:41:13 +0100

ActiveRecord::PendingMigrationError (

Migrations are pending. To resolve this issue, run:

	bin/rake db:migrate RAILS_ENV=development

):
  activerecord (4.1.7) lib/active_record/migration.rb:389:in `check_pending!'
  activerecord (4.1.7) lib/active_record/migration.rb:377:in `call'
  actionpack (4.1.7) lib/action_dispatch/middleware/callbacks.rb:29:in `block in call'
  activesupport (4.1.7) lib/active_support/callbacks.rb:82:in `run_callbacks'
  actionpack (4.1.7) lib/action_dispatch/middleware/callbacks.rb:27:in `call'
  actionpack (4.1.7) lib/action_dispatch/middleware/reloader.rb:73:in `call'
  actionpack (4.1.7) lib/action_dispatch/middleware/remote_ip.rb:76:in `call'
  actionpack (4.1.7) lib/action_dispatch/middleware/debug_exceptions.rb:17:in `call'
  actionpack (4.1.7) lib/action_dispatch/middleware/show_exceptions.rb:30:in `call'
  railties (4.1.7) lib/rails/rack/logger.rb:38:in `call_app'
  railties (4.1.7) lib/rails/rack/logger.rb:20:in `block in call'
  activesupport (4.1.7) lib/active_support/tagged_logging.rb:68:in `block in tagged'
  activesupport (4.1.7) lib/active_support/tagged_logging.rb:26:in `tagged'
  activesupport (4.1.7) lib/active_support/tagged_logging.rb:68:in `tagged'
  railties (4.1.7) lib/rails/rack/logger.rb:20:in `call'
  actionpack (4.1.7) lib/action_dispatch/middleware/request_id.rb:21:in `call'
  rack (1.5.2) lib/rack/methodoverride.rb:21:in `call'
  rack (1.5.2) lib/rack/runtime.rb:17:in `call'
  activesupport (4.1.7) lib/active_support/cache/strategy/local_cache_middleware.rb:26:in `call'
  rack (1.5.2) lib/rack/lock.rb:17:in `call'
  actionpack (4.1.7) lib/action_dispatch/middleware/static.rb:84:in `call'
  rack (1.5.2) lib/rack/sendfile.rb:112:in `call'
  railties (4.1.7) lib/rails/engine.rb:514:in `call'
  railties (4.1.7) lib/rails/application.rb:144:in `call'
  rack (1.5.2) lib/rack/lock.rb:17:in `call'
  rack (1.5.2) lib/rack/content_length.rb:14:in `call'
  rack (1.5.2) lib/rack/handler/webrick.rb:60:in `service'
  /home/miguelitomola/.rvm/rubies/ruby-2.1.3/lib/ruby/2.1.0/webrick/httpserver.rb:138:in `service'
  /home/miguelitomola/.rvm/rubies/ruby-2.1.3/lib/ruby/2.1.0/webrick/httpserver.rb:94:in `run'
  /home/miguelitomola/.rvm/rubies/ruby-2.1.3/lib/ruby/2.1.0/webrick/server.rb:295:in `block in start_thread'


  Rendered /home/miguelitomola/.rvm/gems/ruby-2.1.3/gems/actionpack-4.1.7/lib/action_dispatch/middleware/templates/rescues/_source.erb (1.1ms)
  Rendered /home/miguelitomola/.rvm/gems/ruby-2.1.3/gems/actionpack-4.1.7/lib/action_dispatch/middleware/templates/rescues/_trace.html.erb (2.3ms)
  Rendered /home/miguelitomola/.rvm/gems/ruby-2.1.3/gems/actionpack-4.1.7/lib/action_dispatch/middleware/templates/rescues/_request_and_response.html.erb (1.7ms)
  Rendered /home/miguelitomola/.rvm/gems/ruby-2.1.3/gems/actionpack-4.1.7/lib/action_dispatch/middleware/templates/rescues/diagnostics.erb within rescues/layout (48.9ms)
  [1m[36m (160.7ms)[0m  [1mCREATE TABLE "schema_migrations" ("version" varchar(255) NOT NULL) [0m
  [1m[35m (0.2ms)[0m  select sqlite_version(*)
  [1m[36m (167.5ms)[0m  [1mCREATE UNIQUE INDEX "unique_schema_migrations" ON "schema_migrations" ("version")[0m
  [1m[35mActiveRecord::SchemaMigration Load (0.2ms)[0m  SELECT "schema_migrations".* FROM "schema_migrations"
Migrating to CreateFlights (20141108113601)
  [1m[36m (0.1ms)[0m  [1mbegin transaction[0m
  [1m[35m (0.7ms)[0m  CREATE TABLE "flights" ("id" INTEGER PRIMARY KEY AUTOINCREMENT NOT NULL, "origin" varchar(255), "destination" varchar(255), "from_date" date, "to_date" date, "time_departure" integer, "time_arrive" integer, "duracion" integer, "country" varchar(255), "aerolinea" varchar(255), "countrydestination" varchar(255), "price" integer, "created_at" datetime, "updated_at" datetime) 
  [1m[36mSQL (0.3ms)[0m  [1mINSERT INTO "schema_migrations" ("version") VALUES (?)[0m  [["version", "20141108113601"]]
  [1m[35m (152.6ms)[0m  commit transaction
  [1m[36mActiveRecord::SchemaMigration Load (0.2ms)[0m  [1mSELECT "schema_migrations".* FROM "schema_migrations"[0m
  [1m[36mActiveRecord::SchemaMigration Load (0.2ms)[0m  [1mSELECT "schema_migrations".* FROM "schema_migrations"[0m
  [1m[35m (0.2ms)[0m  begin transaction
  [1m[36mSQL (0.7ms)[0m  [1mINSERT INTO "flights" ("aerolinea", "country", "created_at", "destination", "duracion", "from_date", "origin", "price", "time_arrive", "time_departure", "to_date", "updated_at") VALUES (?, ?, ?, ?, ?, ?, ?, ?, ?, ?, ?, ?)[0m  [["aerolinea", "DMS Trips"], ["country", "España"], ["created_at", "2014-11-10 22:43:49.303669"], ["destination", "Paris"], ["duracion", 2], ["from_date", "2014-11-06"], ["origin", "Madrid"], ["price", 95], ["time_arrive", 1230], ["time_departure", 1030], ["to_date", "2014-11-06"], ["updated_at", "2014-11-10 22:43:49.303669"]]
  [1m[35m (168.5ms)[0m  commit transaction
  [1m[36m (0.1ms)[0m  [1mbegin transaction[0m
  [1m[35mSQL (0.3ms)[0m  INSERT INTO "flights" ("aerolinea", "country", "created_at", "destination", "duracion", "from_date", "origin", "price", "time_arrive", "time_departure", "to_date", "updated_at") VALUES (?, ?, ?, ?, ?, ?, ?, ?, ?, ?, ?, ?)  [["aerolinea", "DMS Trips"], ["country", "Francia"], ["created_at", "2014-11-10 22:43:49.501164"], ["destination", "Madrid"], ["duracion", 2], ["from_date", "2014-11-08"], ["origin", "Paris"], ["price", 95], ["time_arrive", 1230], ["time_departure", 1030], ["to_date", "2014-11-08"], ["updated_at", "2014-11-10 22:43:49.501164"]]
  [1m[36m (120.8ms)[0m  [1mcommit transaction[0m
  [1m[35m (0.1ms)[0m  begin transaction
  [1m[36mSQL (0.3ms)[0m  [1mINSERT INTO "flights" ("aerolinea", "country", "created_at", "destination", "duracion", "from_date", "origin", "price", "time_arrive", "time_departure", "to_date", "updated_at") VALUES (?, ?, ?, ?, ?, ?, ?, ?, ?, ?, ?, ?)[0m  [["aerolinea", "DMS Trips"], ["country", "España"], ["created_at", "2014-11-10 22:43:49.625322"], ["destination", "Paris"], ["duracion", 2], ["from_date", "2014-11-06"], ["origin", "Madrid"], ["price", 75], ["time_arrive", 1230], ["time_departure", 1030], ["to_date", "2014-11-06"], ["updated_at", "2014-11-10 22:43:49.625322"]]
  [1m[35m (131.9ms)[0m  commit transaction
  [1m[36m (0.1ms)[0m  [1mbegin transaction[0m
  [1m[35mSQL (0.3ms)[0m  INSERT INTO "flights" ("aerolinea", "country", "created_at", "destination", "duracion", "from_date", "origin", "price", "time_arrive", "time_departure", "to_date", "updated_at") VALUES (?, ?, ?, ?, ?, ?, ?, ?, ?, ?, ?, ?)  [["aerolinea", "DMS Trips"], ["country", "Francia"], ["created_at", "2014-11-10 22:43:49.761177"], ["destination", "Madrid"], ["duracion", 2], ["from_date", "2014-11-08"], ["origin", "Paris"], ["price", 135], ["time_arrive", 1230], ["time_departure", 1030], ["to_date", "2014-11-08"], ["updated_at", "2014-11-10 22:43:49.761177"]]
  [1m[36m (155.3ms)[0m  [1mcommit transaction[0m


Started GET "/" for 127.0.0.1 at 2014-11-10 23:43:54 +0100
  [1m[36mActiveRecord::SchemaMigration Load (0.2ms)[0m  [1mSELECT "schema_migrations".* FROM "schema_migrations"[0m
Processing by StaticpagesController#home as HTML
  Rendered staticpages/home.html.erb within layouts/application (4.4ms)
Completed 500 Internal Server Error in 9ms

SyntaxError (/home/miguelitomola/Documents/WebDevelopment/Projects/Proyecto-Industria/DMS_trips/app/views/staticpages/home.html.erb:62: syntax error, unexpected ',', expecting ')'
...rom_date, default: Date.today), id:"origin-date", class: "in...
...                               ^
/home/miguelitomola/Documents/WebDevelopment/Projects/Proyecto-Industria/DMS_trips/app/views/staticpages/home.html.erb:62: syntax error, unexpected ',', expecting ')'
... Date.today), id:"origin-date", class: "input inputDate" );@...
...                               ^
/home/miguelitomola/Documents/WebDevelopment/Projects/Proyecto-Industria/DMS_trips/app/views/staticpages/home.html.erb:68: syntax error, unexpected ',', expecting ')'
...:to_date, default: Date.today), id: "dest-date" class: "inpu...
...                               ^
/home/miguelitomola/Documents/WebDevelopment/Projects/Proyecto-Industria/DMS_trips/app/views/staticpages/home.html.erb:68: syntax error, unexpected keyword_class, expecting ')'
...e.today), id: "dest-date" class: "input inputDate" );@output...
...                               ^):
  app/views/staticpages/home.html.erb:62: syntax error, unexpected ',', expecting ')'
  app/views/staticpages/home.html.erb:62: syntax error, unexpected ',', expecting ')'
  app/views/staticpages/home.html.erb:68: syntax error, unexpected ',', expecting ')'
  app/views/staticpages/home.html.erb:68: syntax error, unexpected keyword_class, expecting ')'
  app/controllers/staticpages_controller.rb:4:in `home'


  Rendered /home/miguelitomola/.rvm/gems/ruby-2.1.3/gems/actionpack-4.1.7/lib/action_dispatch/middleware/templates/rescues/_source.erb (1.4ms)
  Rendered /home/miguelitomola/.rvm/gems/ruby-2.1.3/gems/actionpack-4.1.7/lib/action_dispatch/middleware/templates/rescues/_trace.html.erb (3.1ms)
  Rendered /home/miguelitomola/.rvm/gems/ruby-2.1.3/gems/actionpack-4.1.7/lib/action_dispatch/middleware/templates/rescues/_request_and_response.html.erb (42.5ms)
  Rendered /home/miguelitomola/.rvm/gems/ruby-2.1.3/gems/actionpack-4.1.7/lib/action_dispatch/middleware/templates/rescues/diagnostics.erb within rescues/layout (74.6ms)


Started GET "/summary" for 127.0.0.1 at 2014-11-10 23:44:14 +0100
Processing by FlightsController#show as HTML
  Rendered flights/show.html.erb within layouts/applicationsummary (19.0ms)
Completed 500 Internal Server Error in 25ms

ActionView::Template::Error (undefined method `each' for nil:NilClass):
    3: 	</header>
    4: 
    5:    <!--  <ul>
    6: 		<% @flights.each do |flight| %>
    7: 			<li>
    8: 				<b>Flight: </b><%= flight.origin + " - " + flight.from_date.to_s + " - " + flight.time_departure.to_s + " - " + flight.destination + " - " + flight.time_arrive.to_s + " - " + flight.duracion.to_s + " - " + flight.aerolinea %> 
    9: 			</li>
  app/views/flights/show.html.erb:6:in `_app_views_flights_show_html_erb__450224934_88334900'
  app/controllers/flights_controller.rb:27:in `show'


  Rendered /home/miguelitomola/.rvm/gems/ruby-2.1.3/gems/actionpack-4.1.7/lib/action_dispatch/middleware/templates/rescues/_trace.html.erb (3.3ms)
  Rendered /home/miguelitomola/.rvm/gems/ruby-2.1.3/gems/actionpack-4.1.7/lib/action_dispatch/middleware/templates/rescues/_request_and_response.html.erb (7.9ms)
  Rendered /home/miguelitomola/.rvm/gems/ruby-2.1.3/gems/actionpack-4.1.7/lib/action_dispatch/middleware/templates/rescues/template_error.html.erb within rescues/layout (29.4ms)


Started GET "/summary/1" for 127.0.0.1 at 2014-11-10 23:49:46 +0100
Processing by FlightsController#choice as HTML
  Parameters: {"id"=>"1"}
Completed 500 Internal Server Error in 3ms

ActionView::MissingTemplate (Missing template flights/choice, application/choice with {:locale=>[:en], :formats=>[:html], :variants=>[], :handlers=>[:erb, :builder, :raw, :ruby, :jbuilder]}. Searched in:
  * "/home/miguelitomola/Documents/WebDevelopment/Projects/Proyecto-Industria/DMS_trips/app/views"
):
  app/controllers/flights_controller.rb:44:in `choice'


  Rendered /home/miguelitomola/.rvm/gems/ruby-2.1.3/gems/actionpack-4.1.7/lib/action_dispatch/middleware/templates/rescues/missing_template.html.erb within rescues/layout (0.8ms)


Started GET "/summary/1" for 127.0.0.1 at 2014-11-10 23:50:26 +0100

ActionController::RoutingError (No route matches [GET] "/summary/1"):
  actionpack (4.1.7) lib/action_dispatch/middleware/debug_exceptions.rb:21:in `call'
  actionpack (4.1.7) lib/action_dispatch/middleware/show_exceptions.rb:30:in `call'
  railties (4.1.7) lib/rails/rack/logger.rb:38:in `call_app'
  railties (4.1.7) lib/rails/rack/logger.rb:20:in `block in call'
  activesupport (4.1.7) lib/active_support/tagged_logging.rb:68:in `block in tagged'
  activesupport (4.1.7) lib/active_support/tagged_logging.rb:26:in `tagged'
  activesupport (4.1.7) lib/active_support/tagged_logging.rb:68:in `tagged'
  railties (4.1.7) lib/rails/rack/logger.rb:20:in `call'
  actionpack (4.1.7) lib/action_dispatch/middleware/request_id.rb:21:in `call'
  rack (1.5.2) lib/rack/methodoverride.rb:21:in `call'
  rack (1.5.2) lib/rack/runtime.rb:17:in `call'
  activesupport (4.1.7) lib/active_support/cache/strategy/local_cache_middleware.rb:26:in `call'
  rack (1.5.2) lib/rack/lock.rb:17:in `call'
  actionpack (4.1.7) lib/action_dispatch/middleware/static.rb:84:in `call'
  rack (1.5.2) lib/rack/sendfile.rb:112:in `call'
  railties (4.1.7) lib/rails/engine.rb:514:in `call'
  railties (4.1.7) lib/rails/application.rb:144:in `call'
  rack (1.5.2) lib/rack/lock.rb:17:in `call'
  rack (1.5.2) lib/rack/content_length.rb:14:in `call'
  rack (1.5.2) lib/rack/handler/webrick.rb:60:in `service'
  /home/miguelitomola/.rvm/rubies/ruby-2.1.3/lib/ruby/2.1.0/webrick/httpserver.rb:138:in `service'
  /home/miguelitomola/.rvm/rubies/ruby-2.1.3/lib/ruby/2.1.0/webrick/httpserver.rb:94:in `run'
  /home/miguelitomola/.rvm/rubies/ruby-2.1.3/lib/ruby/2.1.0/webrick/server.rb:295:in `block in start_thread'


  Rendered /home/miguelitomola/.rvm/gems/ruby-2.1.3/gems/actionpack-4.1.7/lib/action_dispatch/middleware/templates/rescues/_trace.html.erb (2.2ms)
  Rendered /home/miguelitomola/.rvm/gems/ruby-2.1.3/gems/actionpack-4.1.7/lib/action_dispatch/middleware/templates/routes/_route.html.erb (2.1ms)
  Rendered /home/miguelitomola/.rvm/gems/ruby-2.1.3/gems/actionpack-4.1.7/lib/action_dispatch/middleware/templates/routes/_table.html.erb (24.7ms)
  Rendered /home/miguelitomola/.rvm/gems/ruby-2.1.3/gems/actionpack-4.1.7/lib/action_dispatch/middleware/templates/rescues/routing_error.html.erb within rescues/layout (97.1ms)


Started GET "/summary/choice" for 127.0.0.1 at 2014-11-10 23:50:39 +0100
Processing by FlightsController#choice as HTML
Completed 500 Internal Server Error in 2ms

ActionView::MissingTemplate (Missing template flights/choice, application/choice with {:locale=>[:en], :formats=>[:html], :variants=>[], :handlers=>[:erb, :builder, :raw, :ruby, :jbuilder]}. Searched in:
  * "/home/miguelitomola/Documents/WebDevelopment/Projects/Proyecto-Industria/DMS_trips/app/views"
):
  app/controllers/flights_controller.rb:44:in `choice'


  Rendered /home/miguelitomola/.rvm/gems/ruby-2.1.3/gems/actionpack-4.1.7/lib/action_dispatch/middleware/templates/rescues/missing_template.html.erb within rescues/layout (0.8ms)
